+ build_ufs_utils.sh[4]OPTIND=1
+ build_ufs_utils.sh[5]getopts :j:dv option
+ build_ufs_utils.sh[6]case "${option}" in
+ build_ufs_utils.sh[7]export BUILD_JOBS=2
+ build_ufs_utils.sh[7]BUILD_JOBS=2
+ build_ufs_utils.sh[5]getopts :j:dv option
+ build_ufs_utils.sh[19]shift 2
++ build_ufs_utils.sh[21]dirname ./build_ufs_utils.sh
+ build_ufs_utils.sh[21]script_dir=.
+ build_ufs_utils.sh[22]cd ./ufs_utils.fd
+ build_ufs_utils.sh[24]CMAKE_OPTS=-DGFS=ON
+ build_ufs_utils.sh[24]BUILD_JOBS=2
+ build_ufs_utils.sh[24]BUILD_VERBOSE=
+ build_ufs_utils.sh[24]./build_all.sh
++ build_all.sh[12]uname -s
+ build_all.sh[12][[ Linux == Darwin ]]
++++ build_all.sh[15]readlink -f -n ./build_all.sh
+++ build_all.sh[15]dirname /work2/noaa/stmp/GFS_CI_ROOT/ORION/PR/2239/global-workflow/sorc/ufs_utils.fd/build_all.sh
++ build_all.sh[15]cd /work2/noaa/stmp/GFS_CI_ROOT/ORION/PR/2239/global-workflow/sorc/ufs_utils.fd
++ build_all.sh[15]pwd -P
+ build_all.sh[15]readonly DIR_ROOT=/work2/noaa/stmp/GFS_CI_ROOT/ORION/PR/2239/global-workflow/sorc/ufs_utils.fd
+ build_all.sh[15]DIR_ROOT=/work2/noaa/stmp/GFS_CI_ROOT/ORION/PR/2239/global-workflow/sorc/ufs_utils.fd
+ build_all.sh[19]target=NULL
+ build_all.sh[20]compiler=intel
+ build_all.sh[21]PW_CSP=
+ build_all.sh[23][[ NULL == \l\i\n\u\x\.\* ]]
+ build_all.sh[23][[ NULL == \m\a\c\o\s\x\.\* ]]
+ build_all.sh[29]set +x

Currently Loaded Modules:
  1) intel/2022.1.2                   19) libpng/1.6.37
  2) stack-intel/2022.0.2             20) snappy/1.1.10
  3) impi/2022.1.2                    21) zstd/1.5.2
  4) stack-intel-oneapi-mpi/2021.5.1  22) c-blosc/1.21.5
  5) nghttp2/1.57.0                   23) pkg-config/0.27.1
  6) curl/8.4.0                       24) hdf5/1.14.0
  7) cmake/3.23.1                     25) netcdf-c/4.9.2
  8) bacio/2.4.1                      26) netcdf-fortran/4.6.1
  9) libjpeg/2.1.0                    27) nccmp/1.9.0.1
 10) jasper/2.0.32                    28) parallel-netcdf/1.12.2
 11) g2/3.4.5                         29) parallelio/2.5.10
 12) ip/4.3.0                         30) esmf/8.6.0
 13) nemsio/2.5.4                     31) antlr/2.7.7
 14) sp/2.5.0                         32) gsl/2.7.1
 15) w3emc/2.10.0                     33) udunits/2.2.28
 16) sfcio/1.4.1                      34) nco/5.0.6
 17) sigio/2.3.2                      35) build.orion.intel
 18) zlib/1.2.13

 

+ build_all.sh[45][[ ! -d /work2/noaa/stmp/GFS_CI_ROOT/ORION/PR/2239/global-workflow/sorc/ufs_utils.fd/ccpp-physics/physics ]]
+ build_all.sh[52]CMAKE_FLAGS+=' -DCMAKE_BUILD_TYPE=Release'
+ build_all.sh[55]CMAKE_FLAGS+=' -DCMAKE_INSTALL_PREFIX=/work2/noaa/stmp/GFS_CI_ROOT/ORION/PR/2239/global-workflow/sorc/ufs_utils.fd -DCMAKE_INSTALL_BINDIR=exec'
+ build_all.sh[61]CMAKE_FLAGS+=' -DBUILD_TESTING=OFF'
+ build_all.sh[64]CMAKE_OPTS=-DGFS=ON
+ build_all.sh[67]BUILD_DIR=/work2/noaa/stmp/GFS_CI_ROOT/ORION/PR/2239/global-workflow/sorc/ufs_utils.fd/build
+ build_all.sh[68][[ YES =~ [yYtT] ]]
+ build_all.sh[68]rm -rf /work2/noaa/stmp/GFS_CI_ROOT/ORION/PR/2239/global-workflow/sorc/ufs_utils.fd/build
+ build_all.sh[69]mkdir -p /work2/noaa/stmp/GFS_CI_ROOT/ORION/PR/2239/global-workflow/sorc/ufs_utils.fd/build
+ build_all.sh[69]cd /work2/noaa/stmp/GFS_CI_ROOT/ORION/PR/2239/global-workflow/sorc/ufs_utils.fd/build
+ build_all.sh[71]cmake -DCMAKE_BUILD_TYPE=Release -DCMAKE_INSTALL_PREFIX=/work2/noaa/stmp/GFS_CI_ROOT/ORION/PR/2239/global-workflow/sorc/ufs_utils.fd -DCMAKE_INSTALL_BINDIR=exec -DBUILD_TESTING=OFF -DGFS=ON /work2/noaa/stmp/GFS_CI_ROOT/ORION/PR/2239/global-workflow/sorc/ufs_utils.fd
-- The C compiler identification is Intel 2021.5.0.20211109
-- The Fortran compiler identification is Intel 2021.5.0.20211109
-- Detecting C compiler ABI info
-- Detecting C compiler ABI info - done
-- Check for working C compiler: /apps/intel-2022.1.2/intel-2022.1.2/compiler/2022.0.2/linux/bin/intel64/icc - skipped
-- Detecting C compile features
-- Detecting C compile features - done
-- Detecting Fortran compiler ABI info
-- Detecting Fortran compiler ABI info - done
-- Check for working Fortran compiler: /apps/intel-2022.1.2/intel-2022.1.2/compiler/2022.0.2/linux/bin/intel64/ifort - skipped
-- Building utilities specific to the GFS
-- Found MPI_C: /apps/intel-2022.1.2/intel-2022.1.2/mpi/2021.5.1/lib/libmpifort.so (found version "3.1") 
-- Found MPI_Fortran: /apps/intel-2022.1.2/intel-2022.1.2/mpi/2021.5.1/lib/libmpifort.so (found version "3.1") 
-- Found MPI: TRUE (found version "3.1")  
-- Found NetCDF: /work/noaa/epic/role-epic/spack-stack/orion/spack-stack-1.6.0/envs/unified-env/install/intel/2022.0.2/netcdf-c-4.9.2-4g3gg4n/include;/work/noaa/epic/role-epic/spack-stack/orion/spack-stack-1.6.0/envs/unified-env/install/intel/2022.0.2/netcdf-fortran-4.6.1-hmzbka3/include (found suitable version "4.9.2", minimum required is "4.3.3") found components: C Fortran 
-- FindNetCDF defines targets:
--   - NetCDF_VERSION [4.9.2]
--   - NetCDF_PARALLEL [TRUE]
--   - NetCDF_C_CONFIG_EXECUTABLE [/work/noaa/epic/role-epic/spack-stack/orion/spack-stack-1.6.0/envs/unified-env/install/intel/2022.0.2/netcdf-c-4.9.2-4g3gg4n/bin/nc-config]
--   - NetCDF::NetCDF_C [SHARED] [Root: /work/noaa/epic/role-epic/spack-stack/orion/spack-stack-1.6.0/envs/unified-env/install/intel/2022.0.2/netcdf-c-4.9.2-4g3gg4n] Lib: /work/noaa/epic/role-epic/spack-stack/orion/spack-stack-1.6.0/envs/unified-env/install/intel/2022.0.2/netcdf-c-4.9.2-4g3gg4n/lib/libnetcdf.so 
--   - NetCDF_Fortran_CONFIG_EXECUTABLE [/work/noaa/epic/role-epic/spack-stack/orion/spack-stack-1.6.0/envs/unified-env/install/intel/2022.0.2/netcdf-fortran-4.6.1-hmzbka3/bin/nf-config]
--   - NetCDF::NetCDF_Fortran [SHARED] [Root: /work/noaa/epic/role-epic/spack-stack/orion/spack-stack-1.6.0/envs/unified-env/install/intel/2022.0.2/netcdf-fortran-4.6.1-hmzbka3] Lib: /work/noaa/epic/role-epic/spack-stack/orion/spack-stack-1.6.0/envs/unified-env/install/intel/2022.0.2/netcdf-fortran-4.6.1-hmzbka3/lib/libnetcdff.so 
-- Found MPI: TRUE (found version "3.1") found components: C Fortran 
-- Found ESMF library: /work/noaa/epic/role-epic/spack-stack/orion/spack-stack-1.6.0/envs/unified-env/install/intel/2022.0.2/esmf-8.6.0-5ea4ybu/lib/libesmf.a
-- Found ESMF: /work/noaa/epic/role-epic/spack-stack/orion/spack-stack-1.6.0/envs/unified-env/install/intel/2022.0.2/esmf-8.6.0-5ea4ybu/lib (found suitable version "8.6.0", minimum required is "8.0.0")  
-- Found OpenMP_Fortran: -qopenmp (found version "5.0") 
-- Found OpenMP: TRUE (found version "5.0") found components: Fortran 
-- Found sfcio: /work/noaa/epic/role-epic/spack-stack/orion/spack-stack-1.6.0/envs/unified-env/install/intel/2022.0.2/sfcio-1.4.1-r3sc33g/lib/libsfcio.a (found version "1.4.0")
-- Found bacio: /work/noaa/epic/role-epic/spack-stack/orion/spack-stack-1.6.0/envs/unified-env/install/intel/2022.0.2/bacio-2.4.1-azlisvh/lib/libbacio_4.a (found version "2.4.1")
-- Found w3emc: /work/noaa/epic/role-epic/spack-stack/orion/spack-stack-1.6.0/envs/unified-env/install/intel/2022.0.2/w3emc-2.10.0-kww7sdk/lib64/libw3emc_4.a (found version "2.10.0")
-- Found bacio: /work/noaa/epic/role-epic/spack-stack/orion/spack-stack-1.6.0/envs/unified-env/install/intel/2022.0.2/bacio-2.4.1-azlisvh/lib/libbacio_4.a (found version "2.4.1")
-- Found bacio: /work/noaa/epic/role-epic/spack-stack/orion/spack-stack-1.6.0/envs/unified-env/install/intel/2022.0.2/bacio-2.4.1-azlisvh/lib/libbacio_4.a (found version "2.4.1")
-- Found bacio: /work/noaa/epic/role-epic/spack-stack/orion/spack-stack-1.6.0/envs/unified-env/install/intel/2022.0.2/bacio-2.4.1-azlisvh/lib/libbacio_4.a (found version "2.4.1")
-- Found w3emc: /work/noaa/epic/role-epic/spack-stack/orion/spack-stack-1.6.0/envs/unified-env/install/intel/2022.0.2/w3emc-2.10.0-kww7sdk/lib64/libw3emc_4.a (found version "2.10.0")
-- Found MPI: TRUE (found version "3.1") found components: Fortran 
-- Found nemsio: /work/noaa/epic/role-epic/spack-stack/orion/spack-stack-1.6.0/envs/unified-env/install/intel/2022.0.2/nemsio-2.5.4-chpv7zy/lib64/libnemsio.a (found version "2.5.4")
-- Found sigio: /work/noaa/epic/role-epic/spack-stack/orion/spack-stack-1.6.0/envs/unified-env/install/intel/2022.0.2/sigio-2.3.2-yeb2tdk/lib/libsigio.a (found version "2.3.0")
-- Found sp: /work/noaa/epic/role-epic/spack-stack/orion/spack-stack-1.6.0/envs/unified-env/install/intel/2022.0.2/sp-2.5.0-7yfpzlm/lib64/libsp_4.a (found version "2.5.0")
-- Found OpenMP_Fortran: -qopenmp (found version "5.0") 
-- Found sp: /work/noaa/epic/role-epic/spack-stack/orion/spack-stack-1.6.0/envs/unified-env/install/intel/2022.0.2/sp-2.5.0-7yfpzlm/lib64/libsp_4.a (found version "2.5.0")
-- Found ip: /work/noaa/epic/role-epic/spack-stack/orion/spack-stack-1.6.0/envs/unified-env/install/intel/2022.0.2/ip-4.3.0-vgdjbdh/lib64/libip_4.a (found version "4.2.0")
-- Found ZLIB: /work/noaa/epic/role-epic/spack-stack/orion/spack-stack-1.6.0/envs/unified-env/install/intel/2022.0.2/zlib-1.2.13-753klof/lib/libz.so (found version "1.2.13") 
-- Found PNG: /work/noaa/epic/role-epic/spack-stack/orion/spack-stack-1.6.0/envs/unified-env/install/intel/2022.0.2/libpng-1.6.37-fkqxqmp/lib64/libpng.so (found version "1.6.37") 
-- Found g2: /work/noaa/epic/role-epic/spack-stack/orion/spack-stack-1.6.0/envs/unified-env/install/intel/2022.0.2/g2-3.4.5-rhw6yw6/lib64/libg2_4.a (found version "3.4.5")
-- Found sigio: /work/noaa/epic/role-epic/spack-stack/orion/spack-stack-1.6.0/envs/unified-env/install/intel/2022.0.2/sigio-2.3.2-yeb2tdk/lib/libsigio.a (found version "2.3.0")
-- Configuring done
-- Generating done
-- Build files have been written to: /work2/noaa/stmp/GFS_CI_ROOT/ORION/PR/2239/global-workflow/sorc/ufs_utils.fd/build
+ build_all.sh[73]make -j 2 VERBOSE=
Dependee "/work2/noaa/stmp/GFS_CI_ROOT/ORION/PR/2239/global-workflow/sorc/ufs_utils.fd/build/sorc/emcsfc_ice_blend.fd/CMakeFiles/emcsfc_ice_blend.dir/DependInfo.cmake" is newer than depender "/work2/noaa/stmp/GFS_CI_ROOT/ORION/PR/2239/global-workflow/sorc/ufs_utils.fd/build/sorc/emcsfc_ice_blend.fd/CMakeFiles/emcsfc_ice_blend.dir/depend.internal".
Dependee "/work2/noaa/stmp/GFS_CI_ROOT/ORION/PR/2239/global-workflow/sorc/ufs_utils.fd/build/sorc/emcsfc_ice_blend.fd/CMakeFiles/CMakeDirectoryInformation.cmake" is newer than depender "/work2/noaa/stmp/GFS_CI_ROOT/ORION/PR/2239/global-workflow/sorc/ufs_utils.fd/build/sorc/emcsfc_ice_blend.fd/CMakeFiles/emcsfc_ice_blend.dir/depend.internal".
Dependee "/work2/noaa/stmp/GFS_CI_ROOT/ORION/PR/2239/global-workflow/sorc/ufs_utils.fd/build/sorc/emcsfc_snow2mdl.fd/CMakeFiles/snow2mdl_lib.dir/DependInfo.cmake" is newer than depender "/work2/noaa/stmp/GFS_CI_ROOT/ORION/PR/2239/global-workflow/sorc/ufs_utils.fd/build/sorc/emcsfc_snow2mdl.fd/CMakeFiles/snow2mdl_lib.dir/depend.internal".
Dependee "/work2/noaa/stmp/GFS_CI_ROOT/ORION/PR/2239/global-workflow/sorc/ufs_utils.fd/build/sorc/emcsfc_snow2mdl.fd/CMakeFiles/CMakeDirectoryInformation.cmake" is newer than depender "/work2/noaa/stmp/GFS_CI_ROOT/ORION/PR/2239/global-workflow/sorc/ufs_utils.fd/build/sorc/emcsfc_snow2mdl.fd/CMakeFiles/snow2mdl_lib.dir/depend.internal".
Scanning dependencies of target emcsfc_ice_blend
Scanning dependencies of target snow2mdl_lib
[  1%] Building Fortran object sorc/emcsfc_ice_blend.fd/CMakeFiles/emcsfc_ice_blend.dir/emcsfc_ice_blend.f90.o
[  3%] Building Fortran object sorc/emcsfc_snow2mdl.fd/CMakeFiles/snow2mdl_lib.dir/program_setup.F90.o
[  5%] Building Fortran object sorc/emcsfc_snow2mdl.fd/CMakeFiles/snow2mdl_lib.dir/grib_utils.F90.o
[  7%] Building Fortran object sorc/emcsfc_snow2mdl.fd/CMakeFiles/snow2mdl_lib.dir/model_grid.F90.o
[  9%] Linking Fortran executable emcsfc_ice_blend
[ 11%] Building Fortran object sorc/emcsfc_snow2mdl.fd/CMakeFiles/snow2mdl_lib.dir/snowdat.F90.o
[ 11%] Built target emcsfc_ice_blend
Dependee "/work2/noaa/stmp/GFS_CI_ROOT/ORION/PR/2239/global-workflow/sorc/ufs_utils.fd/build/sorc/lsm_routines.fd/noah.fd/CMakeFiles/noah_lsm_routines.dir/DependInfo.cmake" is newer than depender "/work2/noaa/stmp/GFS_CI_ROOT/ORION/PR/2239/global-workflow/sorc/ufs_utils.fd/build/sorc/lsm_routines.fd/noah.fd/CMakeFiles/noah_lsm_routines.dir/depend.internal".
Dependee "/work2/noaa/stmp/GFS_CI_ROOT/ORION/PR/2239/global-workflow/sorc/ufs_utils.fd/build/sorc/lsm_routines.fd/noah.fd/CMakeFiles/CMakeDirectoryInformation.cmake" is newer than depender "/work2/noaa/stmp/GFS_CI_ROOT/ORION/PR/2239/global-workflow/sorc/ufs_utils.fd/build/sorc/lsm_routines.fd/noah.fd/CMakeFiles/noah_lsm_routines.dir/depend.internal".
Scanning dependencies of target noah_lsm_routines
[ 13%] Building Fortran object sorc/lsm_routines.fd/noah.fd/CMakeFiles/noah_lsm_routines.dir/bulk_snow_module.f90.o
[ 15%] Building Fortran object sorc/lsm_routines.fd/noah.fd/CMakeFiles/noah_lsm_routines.dir/set_soilveg_snippet.f90.o
[ 17%] Building Fortran object sorc/lsm_routines.fd/noah.fd/CMakeFiles/noah_lsm_routines.dir/sflx_snippet.f90.o
[ 19%] Building Fortran object sorc/emcsfc_snow2mdl.fd/CMakeFiles/snow2mdl_lib.dir/snow2mdl.F90.o
[ 21%] Linking Fortran static library libnoah_lsm_routines.a
[ 21%] Built target noah_lsm_routines
Dependee "/work2/noaa/stmp/GFS_CI_ROOT/ORION/PR/2239/global-workflow/sorc/ufs_utils.fd/build/sorc/chgres_cube.fd/msis2.1.fd/CMakeFiles/msis2.dir/DependInfo.cmake" is newer than depender "/work2/noaa/stmp/GFS_CI_ROOT/ORION/PR/2239/global-workflow/sorc/ufs_utils.fd/build/sorc/chgres_cube.fd/msis2.1.fd/CMakeFiles/msis2.dir/depend.internal".
Dependee "/work2/noaa/stmp/GFS_CI_ROOT/ORION/PR/2239/global-workflow/sorc/ufs_utils.fd/build/sorc/chgres_cube.fd/msis2.1.fd/CMakeFiles/CMakeDirectoryInformation.cmake" is newer than depender "/work2/noaa/stmp/GFS_CI_ROOT/ORION/PR/2239/global-workflow/sorc/ufs_utils.fd/build/sorc/chgres_cube.fd/msis2.1.fd/CMakeFiles/msis2.dir/depend.internal".
Scanning dependencies of target msis2
[ 23%] Building Fortran object sorc/chgres_cube.fd/msis2.1.fd/CMakeFiles/msis2.dir/msis_constants.F90.o
[ 25%] Building Fortran object sorc/chgres_cube.fd/msis2.1.fd/CMakeFiles/msis2.dir/msis_init.F90.o
[ 27%] Linking Fortran static library libsnow2mdl_lib.a
[ 29%] Building Fortran object sorc/chgres_cube.fd/msis2.1.fd/CMakeFiles/msis2.dir/msis_utils.F90.o
[ 29%] Built target snow2mdl_lib
Dependee "/work2/noaa/stmp/GFS_CI_ROOT/ORION/PR/2239/global-workflow/sorc/ufs_utils.fd/build/sorc/emcsfc_snow2mdl.fd/CMakeFiles/emcsfc_snow2mdl.dir/DependInfo.cmake" is newer than depender "/work2/noaa/stmp/GFS_CI_ROOT/ORION/PR/2239/global-workflow/sorc/ufs_utils.fd/build/sorc/emcsfc_snow2mdl.fd/CMakeFiles/emcsfc_snow2mdl.dir/depend.internal".
Dependee "/work2/noaa/stmp/GFS_CI_ROOT/ORION/PR/2239/global-workflow/sorc/ufs_utils.fd/build/sorc/emcsfc_snow2mdl.fd/CMakeFiles/CMakeDirectoryInformation.cmake" is newer than depender "/work2/noaa/stmp/GFS_CI_ROOT/ORION/PR/2239/global-workflow/sorc/ufs_utils.fd/build/sorc/emcsfc_snow2mdl.fd/CMakeFiles/emcsfc_snow2mdl.dir/depend.internal".
Scanning dependencies of target emcsfc_snow2mdl
[ 31%] Building Fortran object sorc/emcsfc_snow2mdl.fd/CMakeFiles/emcsfc_snow2mdl.dir/driver.F90.o
[ 33%] Building Fortran object sorc/chgres_cube.fd/msis2.1.fd/CMakeFiles/msis2.dir/msis_gfn.F90.o
[ 35%] Linking Fortran executable emcsfc_snow2mdl
[ 37%] Building Fortran object sorc/chgres_cube.fd/msis2.1.fd/CMakeFiles/msis2.dir/msis_tfn.F90.o
[ 39%] Building Fortran object sorc/chgres_cube.fd/msis2.1.fd/CMakeFiles/msis2.dir/msis_dfn.F90.o
[ 41%] Building Fortran object sorc/chgres_cube.fd/msis2.1.fd/CMakeFiles/msis2.dir/msis_calc.F90.o
[ 43%] Building Fortran object sorc/chgres_cube.fd/msis2.1.fd/CMakeFiles/msis2.dir/msis_gtd8d.F90.o
[ 45%] Linking Fortran static library libmsis2.a
[ 45%] Built target msis2
Dependee "/work2/noaa/stmp/GFS_CI_ROOT/ORION/PR/2239/global-workflow/sorc/ufs_utils.fd/build/sorc/global_cycle.fd/CMakeFiles/global_cycle_lib.dir/DependInfo.cmake" is newer than depender "/work2/noaa/stmp/GFS_CI_ROOT/ORION/PR/2239/global-workflow/sorc/ufs_utils.fd/build/sorc/global_cycle.fd/CMakeFiles/global_cycle_lib.dir/depend.internal".
Dependee "/work2/noaa/stmp/GFS_CI_ROOT/ORION/PR/2239/global-workflow/sorc/ufs_utils.fd/build/sorc/global_cycle.fd/CMakeFiles/CMakeDirectoryInformation.cmake" is newer than depender "/work2/noaa/stmp/GFS_CI_ROOT/ORION/PR/2239/global-workflow/sorc/ufs_utils.fd/build/sorc/global_cycle.fd/CMakeFiles/global_cycle_lib.dir/depend.internal".
Scanning dependencies of target global_cycle_lib
[ 45%] Built target emcsfc_snow2mdl
[ 47%] Building Fortran object sorc/global_cycle.fd/CMakeFiles/global_cycle_lib.dir/machine.f90.o
[ 49%] Building Fortran object sorc/global_cycle.fd/CMakeFiles/global_cycle_lib.dir/utils.F90.o
Dependee "/work2/noaa/stmp/GFS_CI_ROOT/ORION/PR/2239/global-workflow/sorc/ufs_utils.fd/build/sorc/chgres_cube.fd/CMakeFiles/chgres_cube_lib.dir/DependInfo.cmake" is newer than depender "/work2/noaa/stmp/GFS_CI_ROOT/ORION/PR/2239/global-workflow/sorc/ufs_utils.fd/build/sorc/chgres_cube.fd/CMakeFiles/chgres_cube_lib.dir/depend.internal".
Dependee "/work2/noaa/stmp/GFS_CI_ROOT/ORION/PR/2239/global-workflow/sorc/ufs_utils.fd/build/sorc/chgres_cube.fd/CMakeFiles/CMakeDirectoryInformation.cmake" is newer than depender "/work2/noaa/stmp/GFS_CI_ROOT/ORION/PR/2239/global-workflow/sorc/ufs_utils.fd/build/sorc/chgres_cube.fd/CMakeFiles/chgres_cube_lib.dir/depend.internal".
[ 50%] Building Fortran object sorc/global_cycle.fd/CMakeFiles/global_cycle_lib.dir/num_parthds.f90.o
Scanning dependencies of target chgres_cube_lib
[ 52%] Building Fortran object sorc/chgres_cube.fd/CMakeFiles/chgres_cube_lib.dir/utils.F90.o
[ 54%] Building Fortran object sorc/global_cycle.fd/CMakeFiles/global_cycle_lib.dir/__/__/ccpp-physics/physics/sfcsub.F.o
[ 56%] Building Fortran object sorc/chgres_cube.fd/CMakeFiles/chgres_cube_lib.dir/surface_target_data.F90.o
[ 58%] Building Fortran object sorc/chgres_cube.fd/CMakeFiles/chgres_cube_lib.dir/search_util.F90.o
[ 60%] Building Fortran object sorc/chgres_cube.fd/CMakeFiles/chgres_cube_lib.dir/wam_climo_data.f90.o
[ 62%] Building Fortran object sorc/chgres_cube.fd/CMakeFiles/chgres_cube_lib.dir/program_setup.F90.o
[ 64%] Building Fortran object sorc/chgres_cube.fd/CMakeFiles/chgres_cube_lib.dir/model_grid.F90.o
[ 66%] Building Fortran object sorc/chgres_cube.fd/CMakeFiles/chgres_cube_lib.dir/atmosphere_target_data.F90.o
[ 68%] Building Fortran object sorc/chgres_cube.fd/CMakeFiles/chgres_cube_lib.dir/thompson_mp_climo_data.F90.o
[ 70%] Building Fortran object sorc/chgres_cube.fd/CMakeFiles/chgres_cube_lib.dir/static_data.F90.o
[ 72%] Building Fortran object sorc/global_cycle.fd/CMakeFiles/global_cycle_lib.dir/read_write_data.f90.o
[ 74%] Building Fortran object sorc/chgres_cube.fd/CMakeFiles/chgres_cube_lib.dir/grib2_util.F90.o
[ 76%] Building Fortran object sorc/chgres_cube.fd/CMakeFiles/chgres_cube_lib.dir/write_data.F90.o
[ 78%] Building Fortran object sorc/global_cycle.fd/CMakeFiles/global_cycle_lib.dir/land_increments.f90.o
[ 80%] Linking Fortran static library libglobal_cycle_lib.a
[ 80%] Built target global_cycle_lib
Dependee "/work2/noaa/stmp/GFS_CI_ROOT/ORION/PR/2239/global-workflow/sorc/ufs_utils.fd/build/sorc/global_cycle.fd/CMakeFiles/global_cycle.dir/DependInfo.cmake" is newer than depender "/work2/noaa/stmp/GFS_CI_ROOT/ORION/PR/2239/global-workflow/sorc/ufs_utils.fd/build/sorc/global_cycle.fd/CMakeFiles/global_cycle.dir/depend.internal".
Dependee "/work2/noaa/stmp/GFS_CI_ROOT/ORION/PR/2239/global-workflow/sorc/ufs_utils.fd/build/sorc/global_cycle.fd/CMakeFiles/CMakeDirectoryInformation.cmake" is newer than depender "/work2/noaa/stmp/GFS_CI_ROOT/ORION/PR/2239/global-workflow/sorc/ufs_utils.fd/build/sorc/global_cycle.fd/CMakeFiles/global_cycle.dir/depend.internal".
Scanning dependencies of target global_cycle
[ 82%] Building Fortran object sorc/global_cycle.fd/CMakeFiles/global_cycle.dir/cycle.f90.o
[ 84%] Linking Fortran executable global_cycle
[ 84%] Built target global_cycle
[ 86%] Building Fortran object sorc/chgres_cube.fd/CMakeFiles/chgres_cube_lib.dir/atm_input_data.F90.o
[ 88%] Building Fortran object sorc/chgres_cube.fd/CMakeFiles/chgres_cube_lib.dir/atmosphere.F90.o
[ 90%] Building Fortran object sorc/chgres_cube.fd/CMakeFiles/chgres_cube_lib.dir/sfc_input_data.F90.o
[ 92%] Building Fortran object sorc/chgres_cube.fd/CMakeFiles/chgres_cube_lib.dir/nst_input_data.F90.o
[ 94%] Building Fortran object sorc/chgres_cube.fd/CMakeFiles/chgres_cube_lib.dir/surface.F90.o
[ 96%] Linking Fortran static library libchgres_cube_lib.a
[ 96%] Built target chgres_cube_lib
Dependee "/work2/noaa/stmp/GFS_CI_ROOT/ORION/PR/2239/global-workflow/sorc/ufs_utils.fd/build/sorc/chgres_cube.fd/CMakeFiles/chgres_cube.dir/DependInfo.cmake" is newer than depender "/work2/noaa/stmp/GFS_CI_ROOT/ORION/PR/2239/global-workflow/sorc/ufs_utils.fd/build/sorc/chgres_cube.fd/CMakeFiles/chgres_cube.dir/depend.internal".
Dependee "/work2/noaa/stmp/GFS_CI_ROOT/ORION/PR/2239/global-workflow/sorc/ufs_utils.fd/build/sorc/chgres_cube.fd/CMakeFiles/CMakeDirectoryInformation.cmake" is newer than depender "/work2/noaa/stmp/GFS_CI_ROOT/ORION/PR/2239/global-workflow/sorc/ufs_utils.fd/build/sorc/chgres_cube.fd/CMakeFiles/chgres_cube.dir/depend.internal".
Scanning dependencies of target chgres_cube
[ 98%] Building Fortran object sorc/chgres_cube.fd/CMakeFiles/chgres_cube.dir/chgres.F90.o
[100%] Linking Fortran executable chgres_cube
[100%] Built target chgres_cube
+ build_all.sh[74]make install
[  3%] Built target emcsfc_ice_blend
[ 15%] Built target snow2mdl_lib
[ 19%] Built target emcsfc_snow2mdl
[ 27%] Built target noah_lsm_routines
[ 41%] Built target global_cycle_lib
[ 45%] Built target global_cycle
[ 62%] Built target msis2
[ 96%] Built target chgres_cube_lib
[100%] Built target chgres_cube
Install the project...
-- Install configuration: "Release"
-- Installing: /work2/noaa/stmp/GFS_CI_ROOT/ORION/PR/2239/global-workflow/sorc/ufs_utils.fd/exec/emcsfc_ice_blend
-- Set runtime path of "/work2/noaa/stmp/GFS_CI_ROOT/ORION/PR/2239/global-workflow/sorc/ufs_utils.fd/exec/emcsfc_ice_blend" to ""
-- Installing: /work2/noaa/stmp/GFS_CI_ROOT/ORION/PR/2239/global-workflow/sorc/ufs_utils.fd/exec/emcsfc_snow2mdl
-- Set runtime path of "/work2/noaa/stmp/GFS_CI_ROOT/ORION/PR/2239/global-workflow/sorc/ufs_utils.fd/exec/emcsfc_snow2mdl" to ""
-- Installing: /work2/noaa/stmp/GFS_CI_ROOT/ORION/PR/2239/global-workflow/sorc/ufs_utils.fd/exec/global_cycle
-- Set runtime path of "/work2/noaa/stmp/GFS_CI_ROOT/ORION/PR/2239/global-workflow/sorc/ufs_utils.fd/exec/global_cycle" to ""
-- Installing: /work2/noaa/stmp/GFS_CI_ROOT/ORION/PR/2239/global-workflow/sorc/ufs_utils.fd/exec/chgres_cube
-- Set runtime path of "/work2/noaa/stmp/GFS_CI_ROOT/ORION/PR/2239/global-workflow/sorc/ufs_utils.fd/exec/chgres_cube" to ""
+ build_all.sh[79]exit 0
+ build_ufs_utils.sh[29]exit
