Task: gdasaeroanlfinal
  account: nems
  command: /scratch1/NCEPDEV/global/CI/2387/gfs/jobs/rocoto/aeroanlfinal.sh
  cores: 40
  cycledefs: gdas
  final: false
  jobname: C96_atmaerosnowDA_2d816209_gdasaeroanlfinal_00
  join: /scratch1/NCEPDEV/global/CI/2387/RUNTESTS/COMROOT/C96_atmaerosnowDA_2d816209/logs/2021122100/gdasaeroanlfinal.log
  maxtries: 2
  memory: 3072M
  name: gdasaeroanlfinal
  nodes: 1:ppn=40:tpp=1
  partition: hera
  queue: batch
  throttle: 9999999
  walltime: 00:10:00
  environment
    CDATE ==> 2021122100
    CDUMP ==> gdas
    COMROOT ==> /scratch1/NCEPDEV/global/CI/2387/RUNTESTS/COMROOT
    DATAROOT ==> /scratch1/NCEPDEV/stmp2/Terry.McGuinness/RUNDIRS/C96_atmaerosnowDA_2d816209
    EXPDIR ==> /scratch1/NCEPDEV/global/CI/2387/RUNTESTS/EXPDIR/C96_atmaerosnowDA_2d816209
    HOMEgfs ==> /scratch1/NCEPDEV/global/CI/2387/gfs
    NET ==> gfs
    PDY ==> 20211221
    RUN ==> gdas
    RUN_ENVIR ==> emc
    cyc ==> 00
  dependencies
    AND is satisfied
      gdasaeroanlrun of cycle 202112210000 is SUCCEEDED

Cycle: 202112210000
  Valid for this task: YES
  State: active
  Activated: 2024-03-15 18:08:11 UTC
  Completed: -
  Expired: -

Job: 57318802
  State:  SUCCEEDED (COMPLETED)
  Exit Status:  0
  Tries:  1
  Unknown count:  0
